TN:
SF:src\modules\churchs\services\AuthenticateChurchService.ts
FN:20,(anonymous_18)
FN:21,AuthenticateChurchService
FN:28,(anonymous_20)
FNF:3
FNH:0
FNDA:0,(anonymous_18)
FNDA:0,AuthenticateChurchService
FNDA:0,(anonymous_20)
DA:1,0
DA:2,0
DA:3,0
DA:4,0
DA:20,0
DA:23,0
DA:25,0
DA:28,0
DA:29,0
DA:31,0
DA:32,0
DA:35,0
DA:40,0
DA:41,0
DA:44,0
DA:46,0
DA:51,0
DA:56,0
DA:58,0
LF:19
LH:0
BRDA:29,0,0,0
BRDA:31,1,0,0
BRDA:31,1,1,0
BRDA:40,2,0,0
BRDA:40,2,1,0
BRF:5
BRH:0
end_of_record
TN:
SF:src\modules\churchs\services\CreateChurchService.ts
FN:16,(anonymous_18)
FN:17,CreateChurchService
FN:24,(anonymous_20)
FNF:3
FNH:0
FNDA:0,(anonymous_18)
FNDA:0,CreateChurchService
FNDA:0,(anonymous_20)
DA:1,0
DA:2,0
DA:16,0
DA:19,0
DA:21,0
DA:24,0
DA:25,0
DA:26,0
DA:27,0
DA:28,0
DA:29,0
DA:31,0
DA:33,0
DA:34,0
DA:37,0
DA:39,0
DA:47,0
DA:49,0
DA:51,0
LF:19
LH:0
BRDA:31,0,0,0
BRDA:33,1,0,0
BRDA:33,1,1,0
BRF:3
BRH:0
end_of_record
TN:
SF:src\modules\churchs\services\GetChurchService.ts
FN:7,(anonymous_18)
FN:8,GetChurchService
FN:13,(anonymous_20)
FNF:3
FNH:0
FNDA:0,(anonymous_18)
FNDA:0,GetChurchService
FNDA:0,(anonymous_20)
DA:1,0
DA:2,0
DA:7,0
DA:10,0
DA:13,0
DA:14,0
DA:16,0
DA:17,0
DA:20,0
DA:22,0
DA:24,0
LF:11
LH:0
BRDA:14,0,0,0
BRDA:16,1,0,0
BRDA:16,1,1,0
BRF:3
BRH:0
end_of_record
TN:
SF:src\modules\events\services\CreateEventService.ts
FN:15,(anonymous_18)
FN:16,CreateEventService
FN:23,(anonymous_20)
FNF:3
FNH:0
FNDA:0,(anonymous_18)
FNDA:0,CreateEventService
FNDA:0,(anonymous_20)
DA:1,0
DA:2,0
DA:15,0
DA:18,0
DA:20,0
DA:23,0
DA:24,0
DA:25,0
DA:26,0
DA:27,0
DA:29,0
DA:31,0
DA:32,0
DA:35,0
DA:42,0
DA:44,0
DA:46,0
LF:17
LH:0
BRDA:29,0,0,0
BRDA:31,1,0,0
BRDA:31,1,1,0
BRF:3
BRH:0
end_of_record
TN:
SF:src\modules\events\services\DeleteEventService.ts
FN:6,(anonymous_18)
FN:7,DeleteEventService
FN:12,(anonymous_20)
FNF:3
FNH:0
FNDA:0,(anonymous_18)
FNDA:0,DeleteEventService
FNDA:0,(anonymous_20)
DA:1,0
DA:2,0
DA:6,0
DA:9,0
DA:12,0
DA:13,0
DA:15,0
DA:16,0
DA:19,0
DA:21,0
DA:23,0
LF:11
LH:0
BRDA:13,0,0,0
BRDA:15,1,0,0
BRDA:15,1,1,0
BRF:3
BRH:0
end_of_record
TN:
SF:src\modules\events\services\GetEventService.ts
FN:7,(anonymous_18)
FN:8,GetEventService
FN:13,(anonymous_20)
FNF:3
FNH:0
FNDA:0,(anonymous_18)
FNDA:0,GetEventService
FNDA:0,(anonymous_20)
DA:1,0
DA:2,0
DA:7,0
DA:10,0
DA:13,0
DA:14,0
DA:16,0
DA:17,0
DA:20,0
DA:22,0
DA:24,0
LF:11
LH:0
BRDA:14,0,0,0
BRDA:16,1,0,0
BRDA:16,1,1,0
BRF:3
BRH:0
end_of_record
TN:
SF:src\modules\events\services\ListEventsByChurchService.ts
FN:9,(anonymous_21)
FN:10,ListEventsByChurchService
FN:19,(anonymous_23)
FN:31,(anonymous_26)
FN:33,(anonymous_27)
FNF:5
FNH:0
FNDA:0,(anonymous_21)
FNDA:0,ListEventsByChurchService
FNDA:0,(anonymous_23)
FNDA:0,(anonymous_26)
FNDA:0,(anonymous_27)
DA:1,0
DA:2,0
DA:9,0
DA:12,0
DA:14,0
DA:16,0
DA:19,0
DA:20,0
DA:22,0
DA:23,0
DA:26,0
DA:28,0
DA:30,0
DA:31,0
DA:32,0
DA:33,0
DA:35,0
DA:39,0
DA:41,0
DA:43,0
LF:20
LH:0
BRDA:20,0,0,0
BRDA:22,1,0,0
BRDA:22,1,1,0
BRF:3
BRH:0
end_of_record
TN:
SF:src\modules\events\services\UpdateEventService.ts
FN:16,(anonymous_20)
FN:17,UpdateEventService
FN:24,(anonymous_22)
FNF:3
FNH:0
FNDA:0,(anonymous_20)
FNDA:0,UpdateEventService
FNDA:0,(anonymous_22)
DA:1,0
DA:2,0
DA:16,0
DA:19,0
DA:21,0
DA:24,0
DA:25,0
DA:26,0
DA:27,0
DA:28,0
DA:29,0
DA:31,0
DA:33,0
DA:34,0
DA:37,0
DA:39,0
DA:40,0
DA:43,0
DA:53,0
DA:55,0
DA:57,0
LF:21
LH:0
BRDA:31,0,0,0
BRDA:33,1,0,0
BRDA:33,1,1,0
BRDA:39,2,0,0
BRDA:39,2,1,0
BRF:5
BRH:0
end_of_record
TN:
SF:src\modules\reserves\services\CreateReserveService.ts
FN:14,(anonymous_18)
FN:15,CreateReserveService
FN:24,(anonymous_20)
FN:34,(anonymous_23)
FN:48,(anonymous_24)
FN:48,(anonymous_25)
FNF:6
FNH:6
FNDA:1,(anonymous_18)
FNDA:3,CreateReserveService
FNDA:4,(anonymous_20)
FNDA:5,(anonymous_23)
FNDA:7,(anonymous_24)
FNDA:7,(anonymous_25)
DA:1,1
DA:3,1
DA:14,1
DA:17,3
DA:19,3
DA:21,3
DA:24,4
DA:25,4
DA:27,4
DA:28,1
DA:31,3
DA:33,3
DA:34,5
DA:37,3
DA:38,1
DA:43,2
DA:47,2
DA:48,7
DA:49,7
DA:55,7
DA:59,2
DA:61,1
DA:63,1
LF:23
LH:23
BRDA:25,0,0,4
BRDA:27,1,0,1
BRDA:27,1,1,3
BRDA:37,2,0,1
BRDA:37,2,1,2
BRDA:49,3,0,7
BRF:6
BRH:6
end_of_record
TN:
SF:src\modules\reserves\services\GetReservesByEventIdService.ts
FN:6,(anonymous_17)
FN:7,GetReservesByEventIdService
FN:12,(anonymous_19)
FNF:3
FNH:0
FNDA:0,(anonymous_17)
FNDA:0,GetReservesByEventIdService
FNDA:0,(anonymous_19)
DA:1,0
DA:6,0
DA:9,0
DA:12,0
DA:13,0
DA:15,0
DA:17,0
DA:19,0
LF:8
LH:0
BRDA:13,0,0,0
BRF:1
BRH:0
end_of_record
TN:
SF:src\modules\reserves\services\UpdateReserveService.ts
FN:12,(anonymous_20)
FN:13,UpdateReserveService
FN:18,(anonymous_22)
FNF:3
FNH:0
FNDA:0,(anonymous_20)
FNDA:0,UpdateReserveService
FNDA:0,(anonymous_22)
DA:1,0
DA:2,0
DA:12,0
DA:15,0
DA:18,0
DA:19,0
DA:21,0
DA:22,0
DA:25,0
DA:30,0
DA:32,0
DA:34,0
LF:12
LH:0
BRDA:19,0,0,0
BRDA:21,1,0,0
BRDA:21,1,1,0
BRF:3
BRH:0
end_of_record
