TN:
SF:src\modules\churchs\services\AuthenticateChurchService.ts
FN:20,(anonymous_18)
FN:21,AuthenticateChurchService
FN:28,(anonymous_20)
FNF:3
FNH:3
FNDA:1,(anonymous_18)
FNDA:3,AuthenticateChurchService
FNDA:5,(anonymous_20)
DA:1,1
DA:2,1
DA:3,1
DA:4,1
DA:20,1
DA:23,3
DA:25,3
DA:28,5
DA:29,5
DA:31,5
DA:32,2
DA:35,3
DA:40,3
DA:41,1
DA:44,2
DA:46,2
DA:51,2
DA:56,1
DA:58,1
LF:19
LH:19
BRDA:29,0,0,5
BRDA:31,1,0,2
BRDA:31,1,1,3
BRDA:40,2,0,1
BRDA:40,2,1,2
BRF:5
BRH:5
end_of_record
TN:
SF:src\modules\churchs\services\CreateChurchService.ts
FN:16,(anonymous_18)
FN:17,CreateChurchService
FN:24,(anonymous_20)
FNF:3
FNH:3
FNDA:2,(anonymous_18)
FNDA:5,CreateChurchService
FNDA:5,(anonymous_20)
DA:1,2
DA:2,2
DA:16,2
DA:19,5
DA:21,5
DA:24,2
DA:25,5
DA:26,5
DA:27,5
DA:28,5
DA:29,5
DA:31,5
DA:33,5
DA:34,1
DA:37,4
DA:39,4
DA:47,4
DA:49,2
DA:51,2
LF:19
LH:19
BRDA:31,0,0,5
BRDA:33,1,0,1
BRDA:33,1,1,4
BRF:3
BRH:3
end_of_record
TN:
SF:src\modules\churchs\services\GetChurchService.ts
FN:7,(anonymous_18)
FN:8,GetChurchService
FN:13,(anonymous_20)
FNF:3
FNH:3
FNDA:1,(anonymous_18)
FNDA:2,GetChurchService
FNDA:2,(anonymous_20)
DA:1,1
DA:2,1
DA:7,1
DA:10,2
DA:13,1
DA:14,2
DA:16,2
DA:17,1
DA:20,1
DA:22,1
DA:24,1
LF:11
LH:11
BRDA:14,0,0,2
BRDA:16,1,0,1
BRDA:16,1,1,1
BRF:3
BRH:3
end_of_record
TN:
SF:src\modules\events\services\CreateEventService.ts
FN:15,(anonymous_18)
FN:16,CreateEventService
FN:23,(anonymous_20)
FNF:3
FNH:3
FNDA:1,(anonymous_18)
FNDA:2,CreateEventService
FNDA:2,(anonymous_20)
DA:1,1
DA:2,1
DA:15,1
DA:18,2
DA:20,2
DA:23,1
DA:24,2
DA:25,2
DA:26,2
DA:27,2
DA:29,2
DA:31,2
DA:32,1
DA:35,1
DA:42,1
DA:44,1
DA:46,1
LF:17
LH:17
BRDA:29,0,0,2
BRDA:31,1,0,1
BRDA:31,1,1,1
BRF:3
BRH:3
end_of_record
TN:
SF:src\modules\events\services\DeleteEventService.ts
FN:6,(anonymous_18)
FN:7,DeleteEventService
FN:12,(anonymous_20)
FNF:3
FNH:3
FNDA:1,(anonymous_18)
FNDA:2,DeleteEventService
FNDA:2,(anonymous_20)
DA:1,1
DA:2,1
DA:6,1
DA:9,2
DA:12,1
DA:13,2
DA:15,2
DA:16,1
DA:19,2
DA:21,1
DA:23,1
LF:11
LH:11
BRDA:13,0,0,2
BRDA:15,1,0,1
BRDA:15,1,1,1
BRF:3
BRH:3
end_of_record
TN:
SF:src\modules\events\services\GetEventService.ts
FN:7,(anonymous_18)
FN:8,GetEventService
FN:13,(anonymous_20)
FNF:3
FNH:3
FNDA:1,(anonymous_18)
FNDA:2,GetEventService
FNDA:2,(anonymous_20)
DA:1,1
DA:2,1
DA:7,1
DA:10,2
DA:13,1
DA:14,2
DA:16,2
DA:17,1
DA:20,1
DA:22,1
DA:24,1
LF:11
LH:11
BRDA:14,0,0,2
BRDA:16,1,0,1
BRDA:16,1,1,1
BRF:3
BRH:3
end_of_record
TN:
SF:src\modules\events\services\ListEventsByChurchService.ts
FN:9,(anonymous_21)
FN:10,ListEventsByChurchService
FN:19,(anonymous_23)
FN:31,(anonymous_26)
FN:33,(anonymous_27)
FNF:5
FNH:4
FNDA:1,(anonymous_21)
FNDA:2,ListEventsByChurchService
FNDA:2,(anonymous_23)
FNDA:1,(anonymous_26)
FNDA:0,(anonymous_27)
DA:1,1
DA:2,1
DA:9,1
DA:12,2
DA:14,2
DA:16,2
DA:19,1
DA:20,2
DA:22,2
DA:23,1
DA:26,1
DA:28,1
DA:30,1
DA:31,1
DA:32,1
DA:33,0
DA:35,1
DA:39,1
DA:41,1
DA:43,1
LF:20
LH:19
BRDA:20,0,0,2
BRDA:22,1,0,1
BRDA:22,1,1,1
BRF:3
BRH:3
end_of_record
TN:
SF:src\modules\events\services\UpdateEventService.ts
FN:16,(anonymous_20)
FN:17,UpdateEventService
FN:24,(anonymous_22)
FNF:3
FNH:3
FNDA:1,(anonymous_20)
FNDA:3,UpdateEventService
FNDA:3,(anonymous_22)
DA:1,1
DA:2,1
DA:16,1
DA:19,3
DA:21,3
DA:24,1
DA:25,3
DA:26,3
DA:27,3
DA:28,3
DA:29,3
DA:31,3
DA:33,3
DA:34,1
DA:37,2
DA:39,2
DA:40,1
DA:43,1
DA:53,1
DA:55,1
DA:57,1
LF:21
LH:21
BRDA:31,0,0,3
BRDA:33,1,0,1
BRDA:33,1,1,2
BRDA:39,2,0,1
BRDA:39,2,1,1
BRF:5
BRH:5
end_of_record
TN:
SF:src\modules\reserves\services\CreateReserveService.ts
FN:14,(anonymous_18)
FN:15,CreateReserveService
FN:24,(anonymous_20)
FN:34,(anonymous_23)
FN:48,(anonymous_24)
FN:48,(anonymous_25)
FNF:6
FNH:6
FNDA:1,(anonymous_18)
FNDA:3,CreateReserveService
FNDA:4,(anonymous_20)
FNDA:5,(anonymous_23)
FNDA:7,(anonymous_24)
FNDA:7,(anonymous_25)
DA:1,1
DA:3,1
DA:14,1
DA:17,3
DA:19,3
DA:21,3
DA:24,4
DA:25,4
DA:27,4
DA:28,1
DA:31,3
DA:33,3
DA:34,5
DA:37,3
DA:38,1
DA:43,2
DA:47,2
DA:48,7
DA:49,7
DA:55,7
DA:59,2
DA:61,1
DA:63,1
LF:23
LH:23
BRDA:25,0,0,4
BRDA:27,1,0,1
BRDA:27,1,1,3
BRDA:37,2,0,1
BRDA:37,2,1,2
BRDA:49,3,0,7
BRF:6
BRH:6
end_of_record
TN:
SF:src\modules\reserves\services\GetReservesByEventIdService.ts
FN:6,(anonymous_17)
FN:7,GetReservesByEventIdService
FN:12,(anonymous_19)
FNF:3
FNH:3
FNDA:1,(anonymous_17)
FNDA:1,GetReservesByEventIdService
FNDA:1,(anonymous_19)
DA:1,1
DA:6,1
DA:9,1
DA:12,1
DA:13,1
DA:15,1
DA:17,1
DA:19,1
LF:8
LH:8
BRDA:13,0,0,1
BRF:1
BRH:1
end_of_record
TN:
SF:src\modules\reserves\services\UpdateReserveService.ts
FN:12,(anonymous_20)
FN:13,UpdateReserveService
FN:18,(anonymous_22)
FNF:3
FNH:3
FNDA:1,(anonymous_20)
FNDA:2,UpdateReserveService
FNDA:2,(anonymous_22)
DA:1,1
DA:2,1
DA:12,1
DA:15,2
DA:18,2
DA:19,2
DA:21,2
DA:22,1
DA:25,1
DA:30,1
DA:32,1
DA:34,1
LF:12
LH:12
BRDA:19,0,0,2
BRDA:21,1,0,1
BRDA:21,1,1,1
BRF:3
BRH:3
end_of_record
